  stdafx.cpp
  AmmoSystem.cpp
  BoundingBox.cpp
  BoundingSphere.cpp
  Building.cpp
  Bullet.cpp
  ButtonEvent.cpp
  Camera.cpp
  CBox.cpp
c:\users\김정태\desktop\repos\simplefpsgame\cbox.cpp(12): warning C4244: '인수': 'LONG'에서 'FLOAT'(으)로 변환하면서 데이터가 손실될 수 있습니다.
c:\users\김정태\desktop\repos\simplefpsgame\cbox.cpp(13): warning C4244: '인수': 'LONG'에서 'FLOAT'(으)로 변환하면서 데이터가 손실될 수 있습니다.
c:\users\김정태\desktop\repos\simplefpsgame\cbox.cpp(14): warning C4244: '인수': 'LONG'에서 'FLOAT'(으)로 변환하면서 데이터가 손실될 수 있습니다.
c:\users\김정태\desktop\repos\simplefpsgame\cbox.cpp(15): warning C4244: '인수': 'LONG'에서 'FLOAT'(으)로 변환하면서 데이터가 손실될 수 있습니다.
c:\users\김정태\desktop\repos\simplefpsgame\cbox.cpp(16): warning C4244: '인수': 'LONG'에서 'FLOAT'(으)로 변환하면서 데이터가 손실될 수 있습니다.
c:\users\김정태\desktop\repos\simplefpsgame\cbox.cpp(19): warning C4244: '인수': 'int'에서 'FLOAT'(으)로 변환하면서 데이터가 손실될 수 있습니다.
c:\users\김정태\desktop\repos\simplefpsgame\cbox.cpp(36): warning C4244: '인수': 'int'에서 'FLOAT'(으)로 변환하면서 데이터가 손실될 수 있습니다.
c:\users\김정태\desktop\repos\simplefpsgame\cbox.cpp(37): warning C4244: '인수': 'int'에서 'FLOAT'(으)로 변환하면서 데이터가 손실될 수 있습니다.
c:\users\김정태\desktop\repos\simplefpsgame\cbox.cpp(38): warning C4244: '인수': 'int'에서 'FLOAT'(으)로 변환하면서 데이터가 손실될 수 있습니다.
c:\users\김정태\desktop\repos\simplefpsgame\cbox.cpp(39): warning C4244: '인수': 'int'에서 'FLOAT'(으)로 변환하면서 데이터가 손실될 수 있습니다.
c:\users\김정태\desktop\repos\simplefpsgame\cbox.cpp(40): warning C4244: '인수': 'int'에서 'FLOAT'(으)로 변환하면서 데이터가 손실될 수 있습니다.
c:\users\김정태\desktop\repos\simplefpsgame\cbox.cpp(43): warning C4244: '인수': 'int'에서 'FLOAT'(으)로 변환하면서 데이터가 손실될 수 있습니다.
  CClient.cpp
c:\program files (x86)\windows kits\10\include\10.0.17763.0\um\winsock2.h(17): warning C4005: '_WINSOCKAPI_': 매크로 재정의
  c:\users\김정태\desktop\repos\simplefpsgame\cclient.cpp: note: '_WINSOCKAPI_'의 이전 정의를 참조하십시오.
c:\users\김정태\desktop\repos\simplefpsgame\cclient.cpp(20): warning C4101: 'RecvData' :참조되지 않은 지역 변수입니다.
c:\users\김정태\desktop\repos\simplefpsgame\cclient.cpp(133): warning C4553: '==': 식의 결과가 사용되지 않습니다. '='을(를) 의도했습니까?
  CClientEngine.cpp
c:\program files (x86)\windows kits\10\include\10.0.17763.0\um\winsock2.h(17): warning C4005: '_WINSOCKAPI_': 매크로 재정의
  c:\users\김정태\desktop\repos\simplefpsgame\cclientengine.cpp: note: '_WINSOCKAPI_'의 이전 정의를 참조하십시오.
  CClientChattingBridge.cpp
c:\program files (x86)\windows kits\10\include\10.0.17763.0\um\winsock2.h(17): warning C4005: '_WINSOCKAPI_': 매크로 재정의
  c:\users\김정태\desktop\repos\simplefpsgame\cclientchattingbridge.cpp: note: '_WINSOCKAPI_'의 이전 정의를 참조하십시오.
  CClientUDPEngine.cpp
c:\program files (x86)\windows kits\10\include\10.0.17763.0\um\winsock2.h(17): warning C4005: '_WINSOCKAPI_': 매크로 재정의
  c:\users\김정태\desktop\repos\simplefpsgame\cclientudpengine.cpp: note: '_WINSOCKAPI_'의 이전 정의를 참조하십시오.
c:\users\김정태\desktop\repos\simplefpsgame\cclientudpengine.cpp(141): warning C4101: 'addrlen' :참조되지 않은 지역 변수입니다.
  CD3DApp.cpp
  CDialog.cpp
  CGameInformDialog.cpp
  CharacterState.cpp
  CInGameChat.cpp
  CKeyBoard.cpp
  CKillDeathEventList.cpp
  CLine.cpp
  코드를 생성하고 있습니다...
c:\users\김정태\desktop\repos\simplefpsgame\cclientudpengine.cpp(298): warning C4715: 'CClientUDPEngine::GetRecvMessageWithCode': 모든 제어 경로에서 값을 반환하지는 않습니다.
c:\users\김정태\desktop\repos\simplefpsgame\cclientengine.cpp(323): warning C4715: 'CClientEngine::GetRecvMessageWithCode': 모든 제어 경로에서 값을 반환하지는 않습니다.
  컴파일하고 있습니다...
  CLoginDialog.cpp
c:\users\김정태\desktop\repos\simplefpsgame\clogindialog.cpp(15): warning C4244: '인수': 'double'에서 'int'(으)로 변환하면서 데이터가 손실될 수 있습니다.
c:\users\김정태\desktop\repos\simplefpsgame\clogindialog.cpp(19): warning C4244: '인수': 'double'에서 'int'(으)로 변환하면서 데이터가 손실될 수 있습니다.
c:\users\김정태\desktop\repos\simplefpsgame\clogindialog.cpp(20): warning C4244: '인수': 'double'에서 'int'(으)로 변환하면서 데이터가 손실될 수 있습니다.
c:\users\김정태\desktop\repos\simplefpsgame\clogindialog.cpp(23): warning C4244: '인수': 'double'에서 'int'(으)로 변환하면서 데이터가 손실될 수 있습니다.
  CPlayerListDialog.cpp
c:\users\김정태\desktop\repos\simplefpsgame\cplayerlistdialog.cpp(48): warning C4018: '<': signed 또는 unsigned가 일치하지 않습니다.
  CrossHair.cpp
c:\users\김정태\desktop\repos\simplefpsgame\crosshair.cpp(38): warning C4244: '인수': 'LONG'에서 'FLOAT'(으)로 변환하면서 데이터가 손실될 수 있습니다.
c:\users\김정태\desktop\repos\simplefpsgame\crosshair.cpp(39): warning C4244: '인수': 'LONG'에서 'FLOAT'(으)로 변환하면서 데이터가 손실될 수 있습니다.
c:\users\김정태\desktop\repos\simplefpsgame\crosshair.cpp(42): warning C4244: '인수': 'LONG'에서 'FLOAT'(으)로 변환하면서 데이터가 손실될 수 있습니다.
c:\users\김정태\desktop\repos\simplefpsgame\crosshair.cpp(43): warning C4244: '인수': 'LONG'에서 'FLOAT'(으)로 변환하면서 데이터가 손실될 수 있습니다.
c:\users\김정태\desktop\repos\simplefpsgame\crosshair.cpp(51): warning C4244: '인수': 'int'에서 'FLOAT'(으)로 변환하면서 데이터가 손실될 수 있습니다.
  CText.cpp
c:\users\김정태\desktop\repos\simplefpsgame\ctext.cpp(13): warning C4838: 'size_t'에서 'LONG'(으)로의 변환에는 축소 변환이 필요합니다.
  CTextField.cpp
c:\users\김정태\desktop\repos\simplefpsgame\ctextfield.cpp(104): warning C4018: '<': signed 또는 unsigned가 일치하지 않습니다.
c:\users\김정태\desktop\repos\simplefpsgame\ctextfield.cpp(193): warning C4018: '<': signed 또는 unsigned가 일치하지 않습니다.
  CTextList.cpp
c:\users\김정태\desktop\repos\simplefpsgame\ctextlist.cpp(54): warning C4018: '>': signed 또는 unsigned가 일치하지 않습니다.
c:\users\김정태\desktop\repos\simplefpsgame\ctextlist.cpp(79): warning C4018: '<': signed 또는 unsigned가 일치하지 않습니다.
c:\users\김정태\desktop\repos\simplefpsgame\ctextlist.cpp(122): warning C4018: '<': signed 또는 unsigned가 일치하지 않습니다.
  CustomUtility.cpp
  CWaitRoomChat.cpp
  CWaveFile.cpp
  D3D9Engine.cpp
  Event.cpp
  ExitScene.cpp
  FBXLoad.cpp
  FPSInterface.cpp
c:\users\김정태\desktop\repos\simplefpsgame\fpsinterface.cpp(34): warning C4065: switch문에 'default'가 있으나 'case' 레이블이 없습니다.
  GameOption.cpp
  GameScene.cpp
c:\program files (x86)\windows kits\10\include\10.0.17763.0\um\winsock2.h(17): warning C4005: '_WINSOCKAPI_': 매크로 재정의
  c:\users\김정태\desktop\repos\simplefpsgame\gamescene.cpp: note: '_WINSOCKAPI_'의 이전 정의를 참조하십시오.
  GameTimeRemaining.cpp
  HPSystem.cpp
  InitScene.cpp
  LoadScene.cpp
  코드를 생성하고 있습니다...
c:\users\김정태\desktop\repos\simplefpsgame\ctextlist.cpp(125): warning C4715: 'CTextList::DeleteElement': 모든 제어 경로에서 값을 반환하지는 않습니다.
  컴파일하고 있습니다...
  MainMenuScene.cpp
  ModelMesh.cpp
  MultiPlaying.cpp
  MultiPlayRoomScene.cpp
c:\program files (x86)\windows kits\10\include\10.0.17763.0\um\winsock2.h(17): warning C4005: '_WINSOCKAPI_': 매크로 재정의
  c:\users\김정태\desktop\repos\simplefpsgame\multiplayroomscene.cpp: note: '_WINSOCKAPI_'의 이전 정의를 참조하십시오.
  MultiPlayScene.cpp
c:\program files (x86)\windows kits\10\include\10.0.17763.0\um\winsock2.h(17): warning C4005: '_WINSOCKAPI_': 매크로 재정의
  c:\users\김정태\desktop\repos\simplefpsgame\multiplayscene.cpp: note: '_WINSOCKAPI_'의 이전 정의를 참조하십시오.
c:\users\김정태\desktop\repos\simplefpsgame\multiplayscene.cpp(72): warning C4101: 'retval' :참조되지 않은 지역 변수입니다.
  MyD3DUtil.cpp
  OptionScene.cpp
  OtherPlayer.cpp
  PhysicsVector.cpp
  Picking.cpp
  Player.cpp
  PlayerCamera.cpp
  SinglePlayScene.cpp
c:\users\김정태\desktop\repos\simplefpsgame\singleplayscene.cpp(126): warning C4244: '=': 'double'에서 'DWORD'(으)로 변환하면서 데이터가 손실될 수 있습니다.
c:\users\김정태\desktop\repos\simplefpsgame\singleplayscene.cpp(164): warning C4244: '인수': 'double'에서 'float'(으)로 변환하면서 데이터가 손실될 수 있습니다.
  CSprite.cpp
c:\users\김정태\desktop\repos\simplefpsgame\csprite.cpp(37): warning C4244: '인수': 'int'에서 'FLOAT'(으)로 변환하면서 데이터가 손실될 수 있습니다.
  Sound.cpp
  CTextButton.cpp
c:\users\김정태\desktop\repos\simplefpsgame\ctextbutton.cpp(113): warning C4244: '=': 'float'에서 'LONG'(으)로 변환하면서 데이터가 손실될 수 있습니다.
c:\users\김정태\desktop\repos\simplefpsgame\ctextbutton.cpp(114): warning C4244: '=': 'float'에서 'LONG'(으)로 변환하면서 데이터가 손실될 수 있습니다.
c:\users\김정태\desktop\repos\simplefpsgame\ctextbutton.cpp(115): warning C4244: '=': 'float'에서 'LONG'(으)로 변환하면서 데이터가 손실될 수 있습니다.
c:\users\김정태\desktop\repos\simplefpsgame\ctextbutton.cpp(116): warning C4244: '=': 'float'에서 'LONG'(으)로 변환하면서 데이터가 손실될 수 있습니다.
  Weapon.cpp
  WeaponObject.cpp
  WinMain.cpp
c:\program files (x86)\windows kits\10\include\10.0.17763.0\um\winsock2.h(17): warning C4005: '_WINSOCKAPI_': 매크로 재정의
  c:\users\김정태\desktop\repos\simplefpsgame\winmain.cpp: note: '_WINSOCKAPI_'의 이전 정의를 참조하십시오.
  Object.cpp
  코드를 생성하고 있습니다...
c:\users\김정태\desktop\repos\simplefpsgame\sound.cpp(323): warning C4715: 'Sound::PlayWaveFile': 모든 제어 경로에서 값을 반환하지는 않습니다.
  컴파일하고 있습니다...
  SkyBox.cpp
  TestObject.cpp
  코드를 생성하고 있습니다...
  D3DX9ProjectA.vcxproj -> C:\Users\김정태\Desktop\repos\SimpleFPSGame\Debug\TCPIPGame.exe
